<?xml version="1.0" encoding="UTF-8"?>
<!-- Generated by org.testng.reporters.JUnitXMLReporter -->
<testsuite ignored="1" hostname="DESKTOP-PT84KK4" failures="0" tests="4" name="regressionTest" time="44.688" errors="0" timestamp="2022-11-10T13:08:51 IST">
  <testcase classname="Testcases.Search_TC" name="Search" time="1.217"/>
  <testcase classname="Testcases.computers_accessories_TC" name="accessories" time="1.066"/>
  <testcase classname="Testcases.Advanced_search" name="advance_search" time="1.931"/>
  <testcase classname="Testcases.Login_TC" name="login" time="3.745"/>
  <testcase classname="Testcases.Register_TC" name="register" time="0.0">
    <ignored/>
  </testcase> <!-- register -->
</testsuite> <!-- regressionTest -->
