<?xml version="1.0" encoding="UTF-8"?>
<!-- Generated by org.testng.reporters.JUnitXMLReporter -->
<testsuite ignored="0" hostname="DESKTOP-PT84KK4" failures="0" tests="19" name="Test" time="180.379" errors="0" timestamp="2022-11-21T16:02:39 IST">
  <testcase classname="POM_Testcases.DWS_jewelry_Test" name="TC11" time="1.207"/>
  <testcase classname="POM_Testcases.DWS_jewlry_select_Test" name="TC16" time="6.108"/>
  <testcase classname="POM_Testcases.DWS_electronics_Test" name="TC08" time="5.762"/>
  <testcase classname="POM_Testcases.DWS_contact_us" name="TC02" time="1.766"/>
  <testcase classname="POM_Testcases.DWS_voting_poll" name="TC14" time="0.191"/>
  <testcase classname="POM_Testcases.DWS_digitaldownload_Test" name="TC10" time="0.884"/>
  <testcase classname="POM_Testcases.DWS_facebook_Test" name="TC17" time="0.134"/>
  <testcase classname="POM_Testcases.DWS_news_letter_subscribe" name="TC13" time="0.264"/>
  <testcase classname="POM_Testcases.DWS_wishlist_Test" name="TC05" time="0.63"/>
  <testcase classname="POM_Testcases.DWS_giftcards_Test" name="TC12" time="0.847"/>
  <testcase classname="POM_Testcases.DWS_Tricentis" name="TC15" time="0.937"/>
  <testcase classname="POM_Testcases.DWS_Shopping_kart_Test" name="TC04" time="0.945"/>
  <testcase classname="POM_Testcases.DWS_Register_Test" name="TC02" time="1.642"/>
  <testcase classname="POM_Testcases.DWS_Advance_Search_Test" name="TC18" time="2.582"/>
  <testcase classname="POM_Testcases.DWS_search_test" name="TC03" time="0.221"/>
  <testcase classname="POM_Testcases.DWS_apparel_Test" name="TC09" time="1.221"/>
  <testcase classname="POM_Testcases.DWS_Computers_Test" name="TC07" time="0.976"/>
  <testcase classname="POM_Testcases.DWS_Login_Test" name="TC01" time="1.854"/>
  <testcase classname="POM_Testcases.DWS_Books_Test" name="TC06" time="1.053"/>
</testsuite> <!-- Test -->
